<?xml version="1.0" encoding="UTF-8"?>
<testng-results ignored="0" total="1" passed="1" failed="0" skipped="0">
  <reporter-output>
  </reporter-output>
  <suite started-at="2024-03-21T14:56:11 IST" name="Suite" finished-at="2024-03-21T14:56:11 IST" duration-ms="198">
    <groups>
    </groups>
    <test started-at="2024-03-21T14:56:11 IST" name="Test" finished-at="2024-03-21T14:56:11 IST" duration-ms="198">
      <class name="testcases.logintest">
        <test-method signature="method()[pri:0, instance:testcases.logintest@4803b726]" started-at="2024-03-21T14:56:11 IST" name="method" finished-at="2024-03-21T14:56:11 IST" duration-ms="6" status="PASS">
          <reporter-output>
          </reporter-output>
        </test-method> <!-- method -->
      </class> <!-- testcases.logintest -->
    </test> <!-- Test -->
  </suite> <!-- Suite -->
</testng-results>
