<?xml version="1.0" encoding="UTF-8"?>
<testng-results ignored="0" total="1" passed="1" failed="0" skipped="0">
  <reporter-output>
  </reporter-output>
  <suite started-at="2024-03-21T15:06:15 IST" name="Default suite" finished-at="2024-03-21T15:06:30 IST" duration-ms="14852">
    <groups>
    </groups>
    <test started-at="2024-03-21T15:06:15 IST" name="Default test" finished-at="2024-03-21T15:06:30 IST" duration-ms="14852">
      <class name="testcases.DemoIntegration">
        <test-method signature="TestMethod()[pri:0, instance:testcases.DemoIntegration@5824a83d]" started-at="2024-03-21T15:06:15 IST" name="TestMethod" finished-at="2024-03-21T15:06:30 IST" duration-ms="14799" status="PASS">
          <reporter-output>
          </reporter-output>
        </test-method> <!-- TestMethod -->
      </class> <!-- testcases.DemoIntegration -->
    </test> <!-- Default test -->
  </suite> <!-- Default suite -->
</testng-results>
